<?xml version="1.0" encoding="UTF-8"?>
<!-- Generated by org.testng.reporters.JUnitReportReporter -->
<testsuite hostname="DESKTOP-6HODC3A" failures="0" tests="1" name="TEST01_DELETE" time="2.340" errors="0" timestamp="2021-10-18T16:10:18 IST" skipped="0">
  <testcase classname="TEST01_DELETE" name="Test_01_delete" time="2.340"/>
  <system-out/>
</testsuite> <!-- TEST01_DELETE -->
