<?xml version="1.0" encoding="UTF-8"?>
<!-- Generated by org.testng.reporters.JUnitReportReporter -->
<testsuite hostname="DESKTOP-6HODC3A" failures="0" tests="2" name="TEST01_GET" time="4.490" errors="0" timestamp="2021-10-18T11:02:40 IST" skipped="0">
  <testcase classname="TEST01_GET" name="Test_01" time="3.124"/>
  <system-out/>
  <testcase classname="TEST01_GET" name="Test_02" time="1.366"/>
  <system-out/>
</testsuite> <!-- TEST01_GET -->
