<?xml version="1.0" encoding="UTF-8"?>
<!-- Generated by org.testng.reporters.JUnitReportReporter -->
<testsuite hostname="DESKTOP-6HODC3A" failures="0" tests="1" name="TEST01_PUT" time="3.231" errors="0" timestamp="2021-10-18T15:56:34 IST" skipped="0">
  <testcase classname="TEST01_PUT" name="Test_01_put" time="3.231"/>
  <system-out/>
</testsuite> <!-- TEST01_PUT -->
