<?xml version="1.0" encoding="UTF-8"?>
<!-- Generated by org.testng.reporters.JUnitReportReporter -->
<testsuite hostname="DESKTOP-6HODC3A" failures="0" tests="2" name="TEST01_GET" time="2.409" errors="0" timestamp="2021-10-13T16:47:51 IST" skipped="0">
  <testcase classname="TEST01_GET" name="Test_01" time="2.025"/>
  <system-out/>
  <testcase classname="TEST01_GET" name="Test_02" time="0.384"/>
  <system-out/>
</testsuite> <!-- TEST01_GET -->
