<?xml version="1.0" encoding="UTF-8"?>
<!-- Generated by org.testng.reporters.JUnitReportReporter -->
<testsuite hostname="DESKTOP-6HODC3A" failures="0" tests="2" name="TEST01_GET" time="2.908" errors="0" timestamp="2021-10-13T17:20:22 IST" skipped="0">
  <testcase classname="TEST01_GET" name="Test_01" time="1.975"/>
  <system-out/>
  <testcase classname="TEST01_GET" name="Test_02" time="0.933"/>
  <system-out/>
</testsuite> <!-- TEST01_GET -->
