<?xml version="1.0" encoding="UTF-8"?>
<!-- Generated by org.testng.reporters.JUnitReportReporter -->
<testsuite hostname="DESKTOP-6HODC3A" failures="0" tests="1" name="TEST01_PATCH" time="3.268" errors="0" timestamp="2021-10-18T15:57:16 IST" skipped="0">
  <testcase classname="TEST01_PATCH" name="Test_01_patch" time="3.268"/>
  <system-out/>
</testsuite> <!-- TEST01_PATCH -->
