<?xml version="1.0" encoding="UTF-8"?>
<!-- Generated by org.testng.reporters.JUnitReportReporter -->
<testsuite hostname="DESKTOP-6HODC3A" failures="0" tests="1" name="TEST01_POST" time="4.996" errors="0" timestamp="2021-10-18T13:25:08 IST" skipped="0">
  <testcase classname="TEST01_POST" name="Test_01_post" time="4.996"/>
  <system-out/>
</testsuite> <!-- TEST01_POST -->
