<?xml version="1.0" encoding="UTF-8"?>
<!-- Generated by org.testng.reporters.JUnitReportReporter -->
<testsuite hostname="DESKTOP-6HODC3A" failures="0" tests="4" name="Data_driven_exampleTestng" time="2.871" errors="0" timestamp="2021-10-27T14:26:48 IST" skipped="0">
  <testcase classname="Data_driven_exampleTestng" name="useDatadriven_post" time="0.031"/>
  <system-out/>
  <testcase classname="Data_driven_exampleTestng" name="useDatadriven_post" time="2.756"/>
  <system-out/>
  <testcase classname="Data_driven_exampleTestng" name="useDatadriven_post" time="0.034"/>
  <system-out/>
  <testcase classname="Data_driven_exampleTestng" name="useDatadriven_post" time="0.050"/>
  <system-out/>
</testsuite> <!-- Data_driven_exampleTestng -->
